<?xml version="1.0" encoding="UTF-8"?>
<testsuite name="task1.AppTest" tests="2" skipped="0" failures="0" errors="0" timestamp="2023-03-15T09:37:47" hostname="LAPTOP-FKH7M06D" time="0.01">
  <properties/>
  <testcase name="testAdd()" classname="task1.AppTest" time="0.005"/>
  <testcase name="appHasAGreeting()" classname="task1.AppTest" time="0.003"/>
  <system-out><![CDATA[]]></system-out>
  <system-err><![CDATA[]]></system-err>
</testsuite>
